[2026-02-11T11:17:43.780Z] Error: Error: listen EADDRINUSE: address already in use :::5000
    at Server.setupListenHandle [as _listen2] (node:net:1940:16)
    at listenInCluster (node:net:1997:12)
    at Server.listen (node:net:2102:7)
    at app.listen (F:\church website\server\node_modules\express\lib\application.js:635:24)
    at file:///F:/church%20website/server/index.js:45:9
    at ModuleJob.run (node:internal/modules/esm/module_job:377:25)
    at async onImport.tracePromise.__proto__ (node:internal/modules/esm/loader:671:26)
    at async file:///F:/church%20website/server/start-debug.js:23:5
[2026-02-11T11:20:26.031Z] Error: Error: listen EADDRINUSE: address already in use :::5000
    at Server.setupListenHandle [as _listen2] (node:net:1940:16)
    at listenInCluster (node:net:1997:12)
    at Server.listen (node:net:2102:7)
    at app.listen (F:\church website\server\node_modules\express\lib\application.js:635:24)
    at file:///F:/church%20website/server/index.js:45:9
    at ModuleJob.run (node:internal/modules/esm/module_job:377:25)
    at async onImport.tracePromise.__proto__ (node:internal/modules/esm/loader:671:26)
    at async file:///F:/church%20website/server/start-debug.js:23:5
[2026-02-11T11:25:50.017Z] Error: Error: listen EADDRINUSE: address already in use :::5001
    at Server.setupListenHandle [as _listen2] (node:net:1940:16)
    at listenInCluster (node:net:1997:12)
    at Server.listen (node:net:2102:7)
    at app.listen (F:\church website\server\node_modules\express\lib\application.js:635:24)
    at file:///F:/church%20website/server/index.js:46:9
    at ModuleJob.run (node:internal/modules/esm/module_job:377:25)
    at async onImport.tracePromise.__proto__ (node:internal/modules/esm/loader:671:26)
    at async file:///F:/church%20website/server/start-debug.js:26:5
[2026-02-11T11:38:31.556Z] Error: Error: listen EADDRINUSE: address already in use :::5002
    at Server.setupListenHandle [as _listen2] (node:net:1940:16)
    at listenInCluster (node:net:1997:12)
    at Server.listen (node:net:2102:7)
    at app.listen (F:\church website\server\node_modules\express\lib\application.js:635:24)
    at file:///F:/church%20website/server/index.js:46:9
    at ModuleJob.run (node:internal/modules/esm/module_job:377:25)
    at async onImport.tracePromise.__proto__ (node:internal/modules/esm/loader:671:26)
    at async file:///F:/church%20website/server/start-debug.js:40:5
